\BOOKMARK [0][-]{chapter.1}{Coding Standards}{}% 1
\BOOKMARK [1][-]{section.1.1}{Frontend Standards}{chapter.1}% 2
\BOOKMARK [1][-]{section.1.2}{Backend Standards}{chapter.1}% 3
\BOOKMARK [0][-]{chapter.2}{Image Formats}{}% 4
\BOOKMARK [1][-]{section.2.1}{JPEG}{chapter.2}% 5
\BOOKMARK [1][-]{section.2.2}{PNG}{chapter.2}% 6
\BOOKMARK [1][-]{section.2.3}{SVG}{chapter.2}% 7
\BOOKMARK [0][-]{chapter.3}{Prelaunch Checklist}{}% 8
\BOOKMARK [1][-]{section.3.1}{Front End}{chapter.3}% 9
\BOOKMARK [1][-]{section.3.2}{Back End / Platform}{chapter.3}% 10
\BOOKMARK [1][-]{section.3.3}{Sysadmin}{chapter.3}% 11
\BOOKMARK [1][-]{section.3.4}{Post Launch}{chapter.3}% 12
\BOOKMARK [0][-]{chapter.4}{Peer Reviews}{}% 13
\BOOKMARK [1][-]{section.4.1}{Resources}{chapter.4}% 14
\BOOKMARK [1][-]{section.4.2}{Proposed Process}{chapter.4}% 15
\BOOKMARK [1][-]{section.4.3}{Questions}{chapter.4}% 16
\BOOKMARK [0][-]{chapter.5}{Performance Plan}{}% 17
\BOOKMARK [1][-]{section.5.1}{Responsibilities}{chapter.5}% 18
\BOOKMARK [1][-]{section.5.2}{Strategy}{chapter.5}% 19
\BOOKMARK [1][-]{section.5.3}{Design}{chapter.5}% 20
\BOOKMARK [1][-]{section.5.4}{Production}{chapter.5}% 21
\BOOKMARK [1][-]{section.5.5}{Dev Ops}{chapter.5}% 22
\BOOKMARK [1][-]{section.5.6}{Back-end}{chapter.5}% 23
\BOOKMARK [1][-]{section.5.7}{Front-end}{chapter.5}% 24
\BOOKMARK [1][-]{section.5.8}{QA}{chapter.5}% 25
\BOOKMARK [1][-]{section.5.9}{Notes}{chapter.5}% 26
\BOOKMARK [0][-]{chapter.6}{Resources}{}% 27
\BOOKMARK [1][-]{section.6.1}{rehabstudio Resources}{chapter.6}% 28
\BOOKMARK [1][-]{section.6.2}{Educational Resources}{chapter.6}% 29
\BOOKMARK [0][-]{chapter.7}{About}{}% 30
\BOOKMARK [0][-]{chapter.8}{Formats}{}% 31
\BOOKMARK [0][-]{chapter.9}{Your Contributions}{}% 32
